<?xml version="1.0" encoding="UTF-8"?>
<testsuite xmlns:xsi="http://www.w3.org/2001/XMLSchema-instance" xsi:noNamespaceSchemaLocation="https://maven.apache.org/surefire/maven-surefire-plugin/xsd/surefire-test-report.xsd" name="com.lin.springcloud.ribbon.client.AppTest" time="0.008" tests="0" errors="0" skipped="0" failures="0">
  <properties>
    <property name="sun.desktop" value="windows"/>
    <property name="awt.toolkit" value="sun.awt.windows.WToolkit"/>
    <property name="file.encoding.pkg" value="sun.io"/>
    <property name="java.specification.version" value="1.8"/>
    <property name="sun.cpu.isalist" value="amd64"/>
    <property name="sun.jnu.encoding" value="GBK"/>
    <property name="java.class.path" value="D:\Study\javacode\springcloud_eureka_client_ribbon\target\test-classes;D:\Study\javacode\springcloud_eureka_client_ribbon\target\classes;D:\StudySoftware\Java\MAVEN\Maven_Jar\org\springframework\cloud\spring-cloud-starter-netflix-eureka-server\2.2.2.RELEASE\spring-cloud-starter-netflix-eureka-server-2.2.2.RELEASE.jar;D:\StudySoftware\Java\MAVEN\Maven_Jar\org\springframework\cloud\spring-cloud-starter\2.2.2.RELEASE\spring-cloud-starter-2.2.2.RELEASE.jar;D:\StudySoftware\Java\MAVEN\Maven_Jar\org\springframework\boot\spring-boot-starter\2.2.6.RELEASE\spring-boot-starter-2.2.6.RELEASE.jar;D:\StudySoftware\Java\MAVEN\Maven_Jar\org\springframework\boot\spring-boot\2.2.6.RELEASE\spring-boot-2.2.6.RELEASE.jar;D:\StudySoftware\Java\MAVEN\Maven_Jar\org\springframework\spring-context\5.2.5.RELEASE\spring-context-5.2.5.RELEASE.jar;D:\StudySoftware\Java\MAVEN\Maven_Jar\org\springframework\boot\spring-boot-autoconfigure\2.2.6.RELEASE\spring-boot-autoconfigure-2.2.6.RELEASE.jar;D:\StudySoftware\Java\MAVEN\Maven_Jar\org\springframework\boot\spring-boot-starter-logging\2.2.6.RELEASE\spring-boot-starter-logging-2.2.6.RELEASE.jar;D:\StudySoftware\Java\MAVEN\Maven_Jar\ch\qos\logback\logback-classic\1.2.3\logback-classic-1.2.3.jar;D:\StudySoftware\Java\MAVEN\Maven_Jar\ch\qos\logback\logback-core\1.2.3\logback-core-1.2.3.jar;D:\StudySoftware\Java\MAVEN\Maven_Jar\org\apache\logging\log4j\log4j-to-slf4j\2.12.1\log4j-to-slf4j-2.12.1.jar;D:\StudySoftware\Java\MAVEN\Maven_Jar\org\apache\logging\log4j\log4j-api\2.12.1\log4j-api-2.12.1.jar;D:\StudySoftware\Java\MAVEN\Maven_Jar\org\slf4j\jul-to-slf4j\1.7.30\jul-to-slf4j-1.7.30.jar;D:\StudySoftware\Java\MAVEN\Maven_Jar\jakarta\annotation\jakarta.annotation-api\1.3.5\jakarta.annotation-api-1.3.5.jar;D:\StudySoftware\Java\MAVEN\Maven_Jar\org\springframework\spring-core\5.2.5.RELEASE\spring-core-5.2.5.RELEASE.jar;D:\StudySoftware\Java\MAVEN\Maven_Jar\org\springframework\spring-jcl\5.2.5.RELEASE\spring-jcl-5.2.5.RELEASE.jar;D:\StudySoftware\Java\MAVEN\Maven_Jar\org\yaml\snakeyaml\1.25\snakeyaml-1.25.jar;D:\StudySoftware\Java\MAVEN\Maven_Jar\org\springframework\cloud\spring-cloud-context\2.2.2.RELEASE\spring-cloud-context-2.2.2.RELEASE.jar;D:\StudySoftware\Java\MAVEN\Maven_Jar\org\springframework\security\spring-security-crypto\5.2.2.RELEASE\spring-security-crypto-5.2.2.RELEASE.jar;D:\StudySoftware\Java\MAVEN\Maven_Jar\org\springframework\cloud\spring-cloud-commons\2.2.2.RELEASE\spring-cloud-commons-2.2.2.RELEASE.jar;D:\StudySoftware\Java\MAVEN\Maven_Jar\org\springframework\security\spring-security-rsa\1.0.9.RELEASE\spring-security-rsa-1.0.9.RELEASE.jar;D:\StudySoftware\Java\MAVEN\Maven_Jar\org\bouncycastle\bcpkix-jdk15on\1.64\bcpkix-jdk15on-1.64.jar;D:\StudySoftware\Java\MAVEN\Maven_Jar\org\bouncycastle\bcprov-jdk15on\1.64\bcprov-jdk15on-1.64.jar;D:\StudySoftware\Java\MAVEN\Maven_Jar\org\springframework\cloud\spring-cloud-netflix-eureka-server\2.2.2.RELEASE\spring-cloud-netflix-eureka-server-2.2.2.RELEASE.jar;D:\StudySoftware\Java\MAVEN\Maven_Jar\org\springframework\boot\spring-boot-starter-web\2.2.6.RELEASE\spring-boot-starter-web-2.2.6.RELEASE.jar;D:\StudySoftware\Java\MAVEN\Maven_Jar\org\springframework\boot\spring-boot-starter-json\2.2.6.RELEASE\spring-boot-starter-json-2.2.6.RELEASE.jar;D:\StudySoftware\Java\MAVEN\Maven_Jar\com\fasterxml\jackson\datatype\jackson-datatype-jdk8\2.10.3\jackson-datatype-jdk8-2.10.3.jar;D:\StudySoftware\Java\MAVEN\Maven_Jar\com\fasterxml\jackson\datatype\jackson-datatype-jsr310\2.10.3\jackson-datatype-jsr310-2.10.3.jar;D:\StudySoftware\Java\MAVEN\Maven_Jar\com\fasterxml\jackson\module\jackson-module-parameter-names\2.10.3\jackson-module-parameter-names-2.10.3.jar;D:\StudySoftware\Java\MAVEN\Maven_Jar\org\springframework\boot\spring-boot-starter-tomcat\2.2.6.RELEASE\spring-boot-starter-tomcat-2.2.6.RELEASE.jar;D:\StudySoftware\Java\MAVEN\Maven_Jar\org\apache\tomcat\embed\tomcat-embed-core\9.0.33\tomcat-embed-core-9.0.33.jar;D:\StudySoftware\Java\MAVEN\Maven_Jar\org\apache\tomcat\embed\tomcat-embed-el\9.0.33\tomcat-embed-el-9.0.33.jar;D:\StudySoftware\Java\MAVEN\Maven_Jar\org\apache\tomcat\embed\tomcat-embed-websocket\9.0.33\tomcat-embed-websocket-9.0.33.jar;D:\StudySoftware\Java\MAVEN\Maven_Jar\org\springframework\boot\spring-boot-starter-validation\2.2.6.RELEASE\spring-boot-starter-validation-2.2.6.RELEASE.jar;D:\StudySoftware\Java\MAVEN\Maven_Jar\jakarta\validation\jakarta.validation-api\2.0.2\jakarta.validation-api-2.0.2.jar;D:\StudySoftware\Java\MAVEN\Maven_Jar\org\hibernate\validator\hibernate-validator\6.0.18.Final\hibernate-validator-6.0.18.Final.jar;D:\StudySoftware\Java\MAVEN\Maven_Jar\org\jboss\logging\jboss-logging\3.4.1.Final\jboss-logging-3.4.1.Final.jar;D:\StudySoftware\Java\MAVEN\Maven_Jar\com\fasterxml\classmate\1.5.1\classmate-1.5.1.jar;D:\StudySoftware\Java\MAVEN\Maven_Jar\org\springframework\spring-web\5.2.5.RELEASE\spring-web-5.2.5.RELEASE.jar;D:\StudySoftware\Java\MAVEN\Maven_Jar\org\springframework\spring-beans\5.2.5.RELEASE\spring-beans-5.2.5.RELEASE.jar;D:\StudySoftware\Java\MAVEN\Maven_Jar\org\springframework\spring-webmvc\5.2.5.RELEASE\spring-webmvc-5.2.5.RELEASE.jar;D:\StudySoftware\Java\MAVEN\Maven_Jar\org\springframework\spring-aop\5.2.5.RELEASE\spring-aop-5.2.5.RELEASE.jar;D:\StudySoftware\Java\MAVEN\Maven_Jar\org\springframework\spring-expression\5.2.5.RELEASE\spring-expression-5.2.5.RELEASE.jar;D:\StudySoftware\Java\MAVEN\Maven_Jar\org\springframework\boot\spring-boot-starter-actuator\2.2.6.RELEASE\spring-boot-starter-actuator-2.2.6.RELEASE.jar;D:\StudySoftware\Java\MAVEN\Maven_Jar\org\springframework\boot\spring-boot-actuator-autoconfigure\2.2.6.RELEASE\spring-boot-actuator-autoconfigure-2.2.6.RELEASE.jar;D:\StudySoftware\Java\MAVEN\Maven_Jar\org\springframework\boot\spring-boot-actuator\2.2.6.RELEASE\spring-boot-actuator-2.2.6.RELEASE.jar;D:\StudySoftware\Java\MAVEN\Maven_Jar\io\micrometer\micrometer-core\1.3.6\micrometer-core-1.3.6.jar;D:\StudySoftware\Java\MAVEN\Maven_Jar\org\hdrhistogram\HdrHistogram\2.1.11\HdrHistogram-2.1.11.jar;D:\StudySoftware\Java\MAVEN\Maven_Jar\org\latencyutils\LatencyUtils\2.0.3\LatencyUtils-2.0.3.jar;D:\StudySoftware\Java\MAVEN\Maven_Jar\org\springframework\boot\spring-boot-starter-freemarker\2.2.6.RELEASE\spring-boot-starter-freemarker-2.2.6.RELEASE.jar;D:\StudySoftware\Java\MAVEN\Maven_Jar\org\freemarker\freemarker\2.3.30\freemarker-2.3.30.jar;D:\StudySoftware\Java\MAVEN\Maven_Jar\org\springframework\spring-context-support\5.2.5.RELEASE\spring-context-support-5.2.5.RELEASE.jar;D:\StudySoftware\Java\MAVEN\Maven_Jar\org\springframework\cloud\spring-cloud-netflix-hystrix\2.2.2.RELEASE\spring-cloud-netflix-hystrix-2.2.2.RELEASE.jar;D:\StudySoftware\Java\MAVEN\Maven_Jar\org\springframework\boot\spring-boot-starter-aop\2.2.6.RELEASE\spring-boot-starter-aop-2.2.6.RELEASE.jar;D:\StudySoftware\Java\MAVEN\Maven_Jar\org\aspectj\aspectjweaver\1.9.5\aspectjweaver-1.9.5.jar;D:\StudySoftware\Java\MAVEN\Maven_Jar\org\springframework\cloud\spring-cloud-netflix-eureka-client\2.2.2.RELEASE\spring-cloud-netflix-eureka-client-2.2.2.RELEASE.jar;D:\StudySoftware\Java\MAVEN\Maven_Jar\com\netflix\eureka\eureka-client\1.9.17\eureka-client-1.9.17.jar;D:\StudySoftware\Java\MAVEN\Maven_Jar\org\codehaus\jettison\jettison\1.3.7\jettison-1.3.7.jar;D:\StudySoftware\Java\MAVEN\Maven_Jar\stax\stax-api\1.0.1\stax-api-1.0.1.jar;D:\StudySoftware\Java\MAVEN\Maven_Jar\com\netflix\netflix-commons\netflix-eventbus\0.3.0\netflix-eventbus-0.3.0.jar;D:\StudySoftware\Java\MAVEN\Maven_Jar\com\netflix\netflix-commons\netflix-infix\0.3.0\netflix-infix-0.3.0.jar;D:\StudySoftware\Java\MAVEN\Maven_Jar\commons-jxpath\commons-jxpath\1.3\commons-jxpath-1.3.jar;D:\StudySoftware\Java\MAVEN\Maven_Jar\joda-time\joda-time\2.10.5\joda-time-2.10.5.jar;D:\StudySoftware\Java\MAVEN\Maven_Jar\org\antlr\antlr-runtime\3.4\antlr-runtime-3.4.jar;D:\StudySoftware\Java\MAVEN\Maven_Jar\org\antlr\stringtemplate\3.2.1\stringtemplate-3.2.1.jar;D:\StudySoftware\Java\MAVEN\Maven_Jar\antlr\antlr\2.7.7\antlr-2.7.7.jar;D:\StudySoftware\Java\MAVEN\Maven_Jar\com\google\code\gson\gson\2.8.6\gson-2.8.6.jar;D:\StudySoftware\Java\MAVEN\Maven_Jar\org\apache\commons\commons-math\2.2\commons-math-2.2.jar;D:\StudySoftware\Java\MAVEN\Maven_Jar\javax\ws\rs\jsr311-api\1.1.1\jsr311-api-1.1.1.jar;D:\StudySoftware\Java\MAVEN\Maven_Jar\com\netflix\servo\servo-core\0.12.21\servo-core-0.12.21.jar;D:\StudySoftware\Java\MAVEN\Maven_Jar\com\sun\jersey\jersey-core\1.19.1\jersey-core-1.19.1.jar;D:\StudySoftware\Java\MAVEN\Maven_Jar\com\sun\jersey\contribs\jersey-apache-client4\1.19.1\jersey-apache-client4-1.19.1.jar;D:\StudySoftware\Java\MAVEN\Maven_Jar\org\apache\httpcomponents\httpclient\4.5.12\httpclient-4.5.12.jar;D:\StudySoftware\Java\MAVEN\Maven_Jar\org\apache\httpcomponents\httpcore\4.4.13\httpcore-4.4.13.jar;D:\StudySoftware\Java\MAVEN\Maven_Jar\commons-codec\commons-codec\1.13\commons-codec-1.13.jar;D:\StudySoftware\Java\MAVEN\Maven_Jar\com\google\inject\guice\4.1.0\guice-4.1.0.jar;D:\StudySoftware\Java\MAVEN\Maven_Jar\aopalliance\aopalliance\1.0\aopalliance-1.0.jar;D:\StudySoftware\Java\MAVEN\Maven_Jar\com\fasterxml\jackson\core\jackson-annotations\2.10.3\jackson-annotations-2.10.3.jar;D:\StudySoftware\Java\MAVEN\Maven_Jar\com\fasterxml\jackson\core\jackson-core\2.10.3\jackson-core-2.10.3.jar;D:\StudySoftware\Java\MAVEN\Maven_Jar\com\fasterxml\jackson\core\jackson-databind\2.10.3\jackson-databind-2.10.3.jar;D:\StudySoftware\Java\MAVEN\Maven_Jar\com\sun\jersey\jersey-servlet\1.19.1\jersey-servlet-1.19.1.jar;D:\StudySoftware\Java\MAVEN\Maven_Jar\com\sun\jersey\jersey-server\1.19.1\jersey-server-1.19.1.jar;D:\StudySoftware\Java\MAVEN\Maven_Jar\com\sun\jersey\jersey-client\1.19.1\jersey-client-1.19.1.jar;D:\StudySoftware\Java\MAVEN\Maven_Jar\com\netflix\eureka\eureka-core\1.9.17\eureka-core-1.9.17.jar;D:\StudySoftware\Java\MAVEN\Maven_Jar\com\fasterxml\woodstox\woodstox-core\5.2.1\woodstox-core-5.2.1.jar;D:\StudySoftware\Java\MAVEN\Maven_Jar\com\netflix\archaius\archaius-core\0.7.6\archaius-core-0.7.6.jar;D:\StudySoftware\Java\MAVEN\Maven_Jar\com\google\code\findbugs\jsr305\3.0.1\jsr305-3.0.1.jar;D:\StudySoftware\Java\MAVEN\Maven_Jar\com\google\guava\guava\28.2-android\guava-28.2-android.jar;D:\StudySoftware\Java\MAVEN\Maven_Jar\com\google\guava\failureaccess\1.0.1\failureaccess-1.0.1.jar;D:\StudySoftware\Java\MAVEN\Maven_Jar\com\google\guava\listenablefuture\9999.0-empty-to-avoid-conflict-with-guava\listenablefuture-9999.0-empty-to-avoid-conflict-with-guava.jar;D:\StudySoftware\Java\MAVEN\Maven_Jar\org\checkerframework\checker-compat-qual\2.5.5\checker-compat-qual-2.5.5.jar;D:\StudySoftware\Java\MAVEN\Maven_Jar\com\google\errorprone\error_prone_annotations\2.3.4\error_prone_annotations-2.3.4.jar;D:\StudySoftware\Java\MAVEN\Maven_Jar\com\google\j2objc\j2objc-annotations\1.3\j2objc-annotations-1.3.jar;D:\StudySoftware\Java\MAVEN\Maven_Jar\javax\inject\javax.inject\1\javax.inject-1.jar;D:\StudySoftware\Java\MAVEN\Maven_Jar\com\fasterxml\jackson\dataformat\jackson-dataformat-xml\2.10.3\jackson-dataformat-xml-2.10.3.jar;D:\StudySoftware\Java\MAVEN\Maven_Jar\com\fasterxml\jackson\module\jackson-module-jaxb-annotations\2.10.3\jackson-module-jaxb-annotations-2.10.3.jar;D:\StudySoftware\Java\MAVEN\Maven_Jar\org\codehaus\woodstox\stax2-api\4.2\stax2-api-4.2.jar;D:\StudySoftware\Java\MAVEN\Maven_Jar\com\thoughtworks\xstream\xstream\1.4.11.1\xstream-1.4.11.1.jar;D:\StudySoftware\Java\MAVEN\Maven_Jar\xmlpull\xmlpull\1.1.3.1\xmlpull-1.1.3.1.jar;D:\StudySoftware\Java\MAVEN\Maven_Jar\xpp3\xpp3_min\1.1.4c\xpp3_min-1.1.4c.jar;D:\StudySoftware\Java\MAVEN\Maven_Jar\org\springframework\cloud\spring-cloud-starter-netflix-archaius\2.2.2.RELEASE\spring-cloud-starter-netflix-archaius-2.2.2.RELEASE.jar;D:\StudySoftware\Java\MAVEN\Maven_Jar\org\springframework\cloud\spring-cloud-netflix-ribbon\2.2.2.RELEASE\spring-cloud-netflix-ribbon-2.2.2.RELEASE.jar;D:\StudySoftware\Java\MAVEN\Maven_Jar\org\springframework\cloud\spring-cloud-netflix-archaius\2.2.2.RELEASE\spring-cloud-netflix-archaius-2.2.2.RELEASE.jar;D:\StudySoftware\Java\MAVEN\Maven_Jar\commons-configuration\commons-configuration\1.8\commons-configuration-1.8.jar;D:\StudySoftware\Java\MAVEN\Maven_Jar\commons-lang\commons-lang\2.6\commons-lang-2.6.jar;D:\StudySoftware\Java\MAVEN\Maven_Jar\org\springframework\cloud\spring-cloud-starter-netflix-ribbon\2.2.2.RELEASE\spring-cloud-starter-netflix-ribbon-2.2.2.RELEASE.jar;D:\StudySoftware\Java\MAVEN\Maven_Jar\com\netflix\ribbon\ribbon\2.3.0\ribbon-2.3.0.jar;D:\StudySoftware\Java\MAVEN\Maven_Jar\com\netflix\ribbon\ribbon-transport\2.3.0\ribbon-transport-2.3.0.jar;D:\StudySoftware\Java\MAVEN\Maven_Jar\io\reactivex\rxnetty-contexts\0.4.9\rxnetty-contexts-0.4.9.jar;D:\StudySoftware\Java\MAVEN\Maven_Jar\io\reactivex\rxnetty-servo\0.4.9\rxnetty-servo-0.4.9.jar;D:\StudySoftware\Java\MAVEN\Maven_Jar\com\netflix\hystrix\hystrix-core\1.5.18\hystrix-core-1.5.18.jar;D:\StudySoftware\Java\MAVEN\Maven_Jar\io\reactivex\rxnetty\0.4.9\rxnetty-0.4.9.jar;D:\StudySoftware\Java\MAVEN\Maven_Jar\com\netflix\ribbon\ribbon-core\2.3.0\ribbon-core-2.3.0.jar;D:\StudySoftware\Java\MAVEN\Maven_Jar\com\netflix\ribbon\ribbon-httpclient\2.3.0\ribbon-httpclient-2.3.0.jar;D:\StudySoftware\Java\MAVEN\Maven_Jar\commons-collections\commons-collections\3.2.2\commons-collections-3.2.2.jar;D:\StudySoftware\Java\MAVEN\Maven_Jar\com\netflix\netflix-commons\netflix-commons-util\0.3.0\netflix-commons-util-0.3.0.jar;D:\StudySoftware\Java\MAVEN\Maven_Jar\com\netflix\ribbon\ribbon-loadbalancer\2.3.0\ribbon-loadbalancer-2.3.0.jar;D:\StudySoftware\Java\MAVEN\Maven_Jar\com\netflix\netflix-commons\netflix-statistics\0.1.1\netflix-statistics-0.1.1.jar;D:\StudySoftware\Java\MAVEN\Maven_Jar\io\reactivex\rxjava\1.3.8\rxjava-1.3.8.jar;D:\StudySoftware\Java\MAVEN\Maven_Jar\org\springframework\cloud\spring-cloud-starter-loadbalancer\2.2.2.RELEASE\spring-cloud-starter-loadbalancer-2.2.2.RELEASE.jar;D:\StudySoftware\Java\MAVEN\Maven_Jar\org\springframework\cloud\spring-cloud-loadbalancer\2.2.2.RELEASE\spring-cloud-loadbalancer-2.2.2.RELEASE.jar;D:\StudySoftware\Java\MAVEN\Maven_Jar\io\projectreactor\reactor-core\3.3.4.RELEASE\reactor-core-3.3.4.RELEASE.jar;D:\StudySoftware\Java\MAVEN\Maven_Jar\org\reactivestreams\reactive-streams\1.0.3\reactive-streams-1.0.3.jar;D:\StudySoftware\Java\MAVEN\Maven_Jar\io\projectreactor\addons\reactor-extra\3.3.3.RELEASE\reactor-extra-3.3.3.RELEASE.jar;D:\StudySoftware\Java\MAVEN\Maven_Jar\org\springframework\boot\spring-boot-starter-cache\2.2.6.RELEASE\spring-boot-starter-cache-2.2.6.RELEASE.jar;D:\StudySoftware\Java\MAVEN\Maven_Jar\com\stoyanr\evictor\1.0.0\evictor-1.0.0.jar;D:\StudySoftware\Java\MAVEN\Maven_Jar\com\netflix\ribbon\ribbon-eureka\2.3.0\ribbon-eureka-2.3.0.jar;D:\StudySoftware\Java\MAVEN\Maven_Jar\org\slf4j\slf4j-api\1.7.30\slf4j-api-1.7.30.jar;D:\StudySoftware\Java\MAVEN\Maven_Jar\org\glassfish\jaxb\jaxb-runtime\2.3.2\jaxb-runtime-2.3.2.jar;D:\StudySoftware\Java\MAVEN\Maven_Jar\jakarta\xml\bind\jakarta.xml.bind-api\2.3.3\jakarta.xml.bind-api-2.3.3.jar;D:\StudySoftware\Java\MAVEN\Maven_Jar\org\glassfish\jaxb\txw2\2.3.2\txw2-2.3.2.jar;D:\StudySoftware\Java\MAVEN\Maven_Jar\com\sun\istack\istack-commons-runtime\3.0.8\istack-commons-runtime-3.0.8.jar;D:\StudySoftware\Java\MAVEN\Maven_Jar\org\jvnet\staxex\stax-ex\1.8.1\stax-ex-1.8.1.jar;D:\StudySoftware\Java\MAVEN\Maven_Jar\com\sun\xml\fastinfoset\FastInfoset\1.2.16\FastInfoset-1.2.16.jar;D:\StudySoftware\Java\MAVEN\Maven_Jar\jakarta\activation\jakarta.activation-api\1.2.2\jakarta.activation-api-1.2.2.jar;"/>
    <property name="java.vm.vendor" value="Oracle Corporation"/>
    <property name="sun.arch.data.model" value="64"/>
    <property name="user.variant" value=""/>
    <property name="java.vendor.url" value="http://java.oracle.com/"/>
    <property name="user.timezone" value="Asia/Shanghai"/>
    <property name="java.vm.specification.version" value="1.8"/>
    <property name="os.name" value="Windows 10"/>
    <property name="user.country" value="CN"/>
    <property name="sun.java.launcher" value="SUN_STANDARD"/>
    <property name="sun.boot.library.path" value="D:\StudySoftware\Java\jdk\jre\bin"/>
    <property name="sun.java.command" value="C:\Users\15566\AppData\Local\Temp\surefire4622426209537471687\surefirebooter4544408612839342512.jar C:\Users\15566\AppData\Local\Temp\surefire4622426209537471687 2020-05-07T21-56-12_196-jvmRun1 surefire873913299624697155tmp surefire_03553474104431000683tmp"/>
    <property name="surefire.test.class.path" value="D:\Study\javacode\springcloud_eureka_client_ribbon\target\test-classes;D:\Study\javacode\springcloud_eureka_client_ribbon\target\classes;D:\StudySoftware\Java\MAVEN\Maven_Jar\org\springframework\cloud\spring-cloud-starter-netflix-eureka-server\2.2.2.RELEASE\spring-cloud-starter-netflix-eureka-server-2.2.2.RELEASE.jar;D:\StudySoftware\Java\MAVEN\Maven_Jar\org\springframework\cloud\spring-cloud-starter\2.2.2.RELEASE\spring-cloud-starter-2.2.2.RELEASE.jar;D:\StudySoftware\Java\MAVEN\Maven_Jar\org\springframework\boot\spring-boot-starter\2.2.6.RELEASE\spring-boot-starter-2.2.6.RELEASE.jar;D:\StudySoftware\Java\MAVEN\Maven_Jar\org\springframework\boot\spring-boot\2.2.6.RELEASE\spring-boot-2.2.6.RELEASE.jar;D:\StudySoftware\Java\MAVEN\Maven_Jar\org\springframework\spring-context\5.2.5.RELEASE\spring-context-5.2.5.RELEASE.jar;D:\StudySoftware\Java\MAVEN\Maven_Jar\org\springframework\boot\spring-boot-autoconfigure\2.2.6.RELEASE\spring-boot-autoconfigure-2.2.6.RELEASE.jar;D:\StudySoftware\Java\MAVEN\Maven_Jar\org\springframework\boot\spring-boot-starter-logging\2.2.6.RELEASE\spring-boot-starter-logging-2.2.6.RELEASE.jar;D:\StudySoftware\Java\MAVEN\Maven_Jar\ch\qos\logback\logback-classic\1.2.3\logback-classic-1.2.3.jar;D:\StudySoftware\Java\MAVEN\Maven_Jar\ch\qos\logback\logback-core\1.2.3\logback-core-1.2.3.jar;D:\StudySoftware\Java\MAVEN\Maven_Jar\org\apache\logging\log4j\log4j-to-slf4j\2.12.1\log4j-to-slf4j-2.12.1.jar;D:\StudySoftware\Java\MAVEN\Maven_Jar\org\apache\logging\log4j\log4j-api\2.12.1\log4j-api-2.12.1.jar;D:\StudySoftware\Java\MAVEN\Maven_Jar\org\slf4j\jul-to-slf4j\1.7.30\jul-to-slf4j-1.7.30.jar;D:\StudySoftware\Java\MAVEN\Maven_Jar\jakarta\annotation\jakarta.annotation-api\1.3.5\jakarta.annotation-api-1.3.5.jar;D:\StudySoftware\Java\MAVEN\Maven_Jar\org\springframework\spring-core\5.2.5.RELEASE\spring-core-5.2.5.RELEASE.jar;D:\StudySoftware\Java\MAVEN\Maven_Jar\org\springframework\spring-jcl\5.2.5.RELEASE\spring-jcl-5.2.5.RELEASE.jar;D:\StudySoftware\Java\MAVEN\Maven_Jar\org\yaml\snakeyaml\1.25\snakeyaml-1.25.jar;D:\StudySoftware\Java\MAVEN\Maven_Jar\org\springframework\cloud\spring-cloud-context\2.2.2.RELEASE\spring-cloud-context-2.2.2.RELEASE.jar;D:\StudySoftware\Java\MAVEN\Maven_Jar\org\springframework\security\spring-security-crypto\5.2.2.RELEASE\spring-security-crypto-5.2.2.RELEASE.jar;D:\StudySoftware\Java\MAVEN\Maven_Jar\org\springframework\cloud\spring-cloud-commons\2.2.2.RELEASE\spring-cloud-commons-2.2.2.RELEASE.jar;D:\StudySoftware\Java\MAVEN\Maven_Jar\org\springframework\security\spring-security-rsa\1.0.9.RELEASE\spring-security-rsa-1.0.9.RELEASE.jar;D:\StudySoftware\Java\MAVEN\Maven_Jar\org\bouncycastle\bcpkix-jdk15on\1.64\bcpkix-jdk15on-1.64.jar;D:\StudySoftware\Java\MAVEN\Maven_Jar\org\bouncycastle\bcprov-jdk15on\1.64\bcprov-jdk15on-1.64.jar;D:\StudySoftware\Java\MAVEN\Maven_Jar\org\springframework\cloud\spring-cloud-netflix-eureka-server\2.2.2.RELEASE\spring-cloud-netflix-eureka-server-2.2.2.RELEASE.jar;D:\StudySoftware\Java\MAVEN\Maven_Jar\org\springframework\boot\spring-boot-starter-web\2.2.6.RELEASE\spring-boot-starter-web-2.2.6.RELEASE.jar;D:\StudySoftware\Java\MAVEN\Maven_Jar\org\springframework\boot\spring-boot-starter-json\2.2.6.RELEASE\spring-boot-starter-json-2.2.6.RELEASE.jar;D:\StudySoftware\Java\MAVEN\Maven_Jar\com\fasterxml\jackson\datatype\jackson-datatype-jdk8\2.10.3\jackson-datatype-jdk8-2.10.3.jar;D:\StudySoftware\Java\MAVEN\Maven_Jar\com\fasterxml\jackson\datatype\jackson-datatype-jsr310\2.10.3\jackson-datatype-jsr310-2.10.3.jar;D:\StudySoftware\Java\MAVEN\Maven_Jar\com\fasterxml\jackson\module\jackson-module-parameter-names\2.10.3\jackson-module-parameter-names-2.10.3.jar;D:\StudySoftware\Java\MAVEN\Maven_Jar\org\springframework\boot\spring-boot-starter-tomcat\2.2.6.RELEASE\spring-boot-starter-tomcat-2.2.6.RELEASE.jar;D:\StudySoftware\Java\MAVEN\Maven_Jar\org\apache\tomcat\embed\tomcat-embed-core\9.0.33\tomcat-embed-core-9.0.33.jar;D:\StudySoftware\Java\MAVEN\Maven_Jar\org\apache\tomcat\embed\tomcat-embed-el\9.0.33\tomcat-embed-el-9.0.33.jar;D:\StudySoftware\Java\MAVEN\Maven_Jar\org\apache\tomcat\embed\tomcat-embed-websocket\9.0.33\tomcat-embed-websocket-9.0.33.jar;D:\StudySoftware\Java\MAVEN\Maven_Jar\org\springframework\boot\spring-boot-starter-validation\2.2.6.RELEASE\spring-boot-starter-validation-2.2.6.RELEASE.jar;D:\StudySoftware\Java\MAVEN\Maven_Jar\jakarta\validation\jakarta.validation-api\2.0.2\jakarta.validation-api-2.0.2.jar;D:\StudySoftware\Java\MAVEN\Maven_Jar\org\hibernate\validator\hibernate-validator\6.0.18.Final\hibernate-validator-6.0.18.Final.jar;D:\StudySoftware\Java\MAVEN\Maven_Jar\org\jboss\logging\jboss-logging\3.4.1.Final\jboss-logging-3.4.1.Final.jar;D:\StudySoftware\Java\MAVEN\Maven_Jar\com\fasterxml\classmate\1.5.1\classmate-1.5.1.jar;D:\StudySoftware\Java\MAVEN\Maven_Jar\org\springframework\spring-web\5.2.5.RELEASE\spring-web-5.2.5.RELEASE.jar;D:\StudySoftware\Java\MAVEN\Maven_Jar\org\springframework\spring-beans\5.2.5.RELEASE\spring-beans-5.2.5.RELEASE.jar;D:\StudySoftware\Java\MAVEN\Maven_Jar\org\springframework\spring-webmvc\5.2.5.RELEASE\spring-webmvc-5.2.5.RELEASE.jar;D:\StudySoftware\Java\MAVEN\Maven_Jar\org\springframework\spring-aop\5.2.5.RELEASE\spring-aop-5.2.5.RELEASE.jar;D:\StudySoftware\Java\MAVEN\Maven_Jar\org\springframework\spring-expression\5.2.5.RELEASE\spring-expression-5.2.5.RELEASE.jar;D:\StudySoftware\Java\MAVEN\Maven_Jar\org\springframework\boot\spring-boot-starter-actuator\2.2.6.RELEASE\spring-boot-starter-actuator-2.2.6.RELEASE.jar;D:\StudySoftware\Java\MAVEN\Maven_Jar\org\springframework\boot\spring-boot-actuator-autoconfigure\2.2.6.RELEASE\spring-boot-actuator-autoconfigure-2.2.6.RELEASE.jar;D:\StudySoftware\Java\MAVEN\Maven_Jar\org\springframework\boot\spring-boot-actuator\2.2.6.RELEASE\spring-boot-actuator-2.2.6.RELEASE.jar;D:\StudySoftware\Java\MAVEN\Maven_Jar\io\micrometer\micrometer-core\1.3.6\micrometer-core-1.3.6.jar;D:\StudySoftware\Java\MAVEN\Maven_Jar\org\hdrhistogram\HdrHistogram\2.1.11\HdrHistogram-2.1.11.jar;D:\StudySoftware\Java\MAVEN\Maven_Jar\org\latencyutils\LatencyUtils\2.0.3\LatencyUtils-2.0.3.jar;D:\StudySoftware\Java\MAVEN\Maven_Jar\org\springframework\boot\spring-boot-starter-freemarker\2.2.6.RELEASE\spring-boot-starter-freemarker-2.2.6.RELEASE.jar;D:\StudySoftware\Java\MAVEN\Maven_Jar\org\freemarker\freemarker\2.3.30\freemarker-2.3.30.jar;D:\StudySoftware\Java\MAVEN\Maven_Jar\org\springframework\spring-context-support\5.2.5.RELEASE\spring-context-support-5.2.5.RELEASE.jar;D:\StudySoftware\Java\MAVEN\Maven_Jar\org\springframework\cloud\spring-cloud-netflix-hystrix\2.2.2.RELEASE\spring-cloud-netflix-hystrix-2.2.2.RELEASE.jar;D:\StudySoftware\Java\MAVEN\Maven_Jar\org\springframework\boot\spring-boot-starter-aop\2.2.6.RELEASE\spring-boot-starter-aop-2.2.6.RELEASE.jar;D:\StudySoftware\Java\MAVEN\Maven_Jar\org\aspectj\aspectjweaver\1.9.5\aspectjweaver-1.9.5.jar;D:\StudySoftware\Java\MAVEN\Maven_Jar\org\springframework\cloud\spring-cloud-netflix-eureka-client\2.2.2.RELEASE\spring-cloud-netflix-eureka-client-2.2.2.RELEASE.jar;D:\StudySoftware\Java\MAVEN\Maven_Jar\com\netflix\eureka\eureka-client\1.9.17\eureka-client-1.9.17.jar;D:\StudySoftware\Java\MAVEN\Maven_Jar\org\codehaus\jettison\jettison\1.3.7\jettison-1.3.7.jar;D:\StudySoftware\Java\MAVEN\Maven_Jar\stax\stax-api\1.0.1\stax-api-1.0.1.jar;D:\StudySoftware\Java\MAVEN\Maven_Jar\com\netflix\netflix-commons\netflix-eventbus\0.3.0\netflix-eventbus-0.3.0.jar;D:\StudySoftware\Java\MAVEN\Maven_Jar\com\netflix\netflix-commons\netflix-infix\0.3.0\netflix-infix-0.3.0.jar;D:\StudySoftware\Java\MAVEN\Maven_Jar\commons-jxpath\commons-jxpath\1.3\commons-jxpath-1.3.jar;D:\StudySoftware\Java\MAVEN\Maven_Jar\joda-time\joda-time\2.10.5\joda-time-2.10.5.jar;D:\StudySoftware\Java\MAVEN\Maven_Jar\org\antlr\antlr-runtime\3.4\antlr-runtime-3.4.jar;D:\StudySoftware\Java\MAVEN\Maven_Jar\org\antlr\stringtemplate\3.2.1\stringtemplate-3.2.1.jar;D:\StudySoftware\Java\MAVEN\Maven_Jar\antlr\antlr\2.7.7\antlr-2.7.7.jar;D:\StudySoftware\Java\MAVEN\Maven_Jar\com\google\code\gson\gson\2.8.6\gson-2.8.6.jar;D:\StudySoftware\Java\MAVEN\Maven_Jar\org\apache\commons\commons-math\2.2\commons-math-2.2.jar;D:\StudySoftware\Java\MAVEN\Maven_Jar\javax\ws\rs\jsr311-api\1.1.1\jsr311-api-1.1.1.jar;D:\StudySoftware\Java\MAVEN\Maven_Jar\com\netflix\servo\servo-core\0.12.21\servo-core-0.12.21.jar;D:\StudySoftware\Java\MAVEN\Maven_Jar\com\sun\jersey\jersey-core\1.19.1\jersey-core-1.19.1.jar;D:\StudySoftware\Java\MAVEN\Maven_Jar\com\sun\jersey\contribs\jersey-apache-client4\1.19.1\jersey-apache-client4-1.19.1.jar;D:\StudySoftware\Java\MAVEN\Maven_Jar\org\apache\httpcomponents\httpclient\4.5.12\httpclient-4.5.12.jar;D:\StudySoftware\Java\MAVEN\Maven_Jar\org\apache\httpcomponents\httpcore\4.4.13\httpcore-4.4.13.jar;D:\StudySoftware\Java\MAVEN\Maven_Jar\commons-codec\commons-codec\1.13\commons-codec-1.13.jar;D:\StudySoftware\Java\MAVEN\Maven_Jar\com\google\inject\guice\4.1.0\guice-4.1.0.jar;D:\StudySoftware\Java\MAVEN\Maven_Jar\aopalliance\aopalliance\1.0\aopalliance-1.0.jar;D:\StudySoftware\Java\MAVEN\Maven_Jar\com\fasterxml\jackson\core\jackson-annotations\2.10.3\jackson-annotations-2.10.3.jar;D:\StudySoftware\Java\MAVEN\Maven_Jar\com\fasterxml\jackson\core\jackson-core\2.10.3\jackson-core-2.10.3.jar;D:\StudySoftware\Java\MAVEN\Maven_Jar\com\fasterxml\jackson\core\jackson-databind\2.10.3\jackson-databind-2.10.3.jar;D:\StudySoftware\Java\MAVEN\Maven_Jar\com\sun\jersey\jersey-servlet\1.19.1\jersey-servlet-1.19.1.jar;D:\StudySoftware\Java\MAVEN\Maven_Jar\com\sun\jersey\jersey-server\1.19.1\jersey-server-1.19.1.jar;D:\StudySoftware\Java\MAVEN\Maven_Jar\com\sun\jersey\jersey-client\1.19.1\jersey-client-1.19.1.jar;D:\StudySoftware\Java\MAVEN\Maven_Jar\com\netflix\eureka\eureka-core\1.9.17\eureka-core-1.9.17.jar;D:\StudySoftware\Java\MAVEN\Maven_Jar\com\fasterxml\woodstox\woodstox-core\5.2.1\woodstox-core-5.2.1.jar;D:\StudySoftware\Java\MAVEN\Maven_Jar\com\netflix\archaius\archaius-core\0.7.6\archaius-core-0.7.6.jar;D:\StudySoftware\Java\MAVEN\Maven_Jar\com\google\code\findbugs\jsr305\3.0.1\jsr305-3.0.1.jar;D:\StudySoftware\Java\MAVEN\Maven_Jar\com\google\guava\guava\28.2-android\guava-28.2-android.jar;D:\StudySoftware\Java\MAVEN\Maven_Jar\com\google\guava\failureaccess\1.0.1\failureaccess-1.0.1.jar;D:\StudySoftware\Java\MAVEN\Maven_Jar\com\google\guava\listenablefuture\9999.0-empty-to-avoid-conflict-with-guava\listenablefuture-9999.0-empty-to-avoid-conflict-with-guava.jar;D:\StudySoftware\Java\MAVEN\Maven_Jar\org\checkerframework\checker-compat-qual\2.5.5\checker-compat-qual-2.5.5.jar;D:\StudySoftware\Java\MAVEN\Maven_Jar\com\google\errorprone\error_prone_annotations\2.3.4\error_prone_annotations-2.3.4.jar;D:\StudySoftware\Java\MAVEN\Maven_Jar\com\google\j2objc\j2objc-annotations\1.3\j2objc-annotations-1.3.jar;D:\StudySoftware\Java\MAVEN\Maven_Jar\javax\inject\javax.inject\1\javax.inject-1.jar;D:\StudySoftware\Java\MAVEN\Maven_Jar\com\fasterxml\jackson\dataformat\jackson-dataformat-xml\2.10.3\jackson-dataformat-xml-2.10.3.jar;D:\StudySoftware\Java\MAVEN\Maven_Jar\com\fasterxml\jackson\module\jackson-module-jaxb-annotations\2.10.3\jackson-module-jaxb-annotations-2.10.3.jar;D:\StudySoftware\Java\MAVEN\Maven_Jar\org\codehaus\woodstox\stax2-api\4.2\stax2-api-4.2.jar;D:\StudySoftware\Java\MAVEN\Maven_Jar\com\thoughtworks\xstream\xstream\1.4.11.1\xstream-1.4.11.1.jar;D:\StudySoftware\Java\MAVEN\Maven_Jar\xmlpull\xmlpull\1.1.3.1\xmlpull-1.1.3.1.jar;D:\StudySoftware\Java\MAVEN\Maven_Jar\xpp3\xpp3_min\1.1.4c\xpp3_min-1.1.4c.jar;D:\StudySoftware\Java\MAVEN\Maven_Jar\org\springframework\cloud\spring-cloud-starter-netflix-archaius\2.2.2.RELEASE\spring-cloud-starter-netflix-archaius-2.2.2.RELEASE.jar;D:\StudySoftware\Java\MAVEN\Maven_Jar\org\springframework\cloud\spring-cloud-netflix-ribbon\2.2.2.RELEASE\spring-cloud-netflix-ribbon-2.2.2.RELEASE.jar;D:\StudySoftware\Java\MAVEN\Maven_Jar\org\springframework\cloud\spring-cloud-netflix-archaius\2.2.2.RELEASE\spring-cloud-netflix-archaius-2.2.2.RELEASE.jar;D:\StudySoftware\Java\MAVEN\Maven_Jar\commons-configuration\commons-configuration\1.8\commons-configuration-1.8.jar;D:\StudySoftware\Java\MAVEN\Maven_Jar\commons-lang\commons-lang\2.6\commons-lang-2.6.jar;D:\StudySoftware\Java\MAVEN\Maven_Jar\org\springframework\cloud\spring-cloud-starter-netflix-ribbon\2.2.2.RELEASE\spring-cloud-starter-netflix-ribbon-2.2.2.RELEASE.jar;D:\StudySoftware\Java\MAVEN\Maven_Jar\com\netflix\ribbon\ribbon\2.3.0\ribbon-2.3.0.jar;D:\StudySoftware\Java\MAVEN\Maven_Jar\com\netflix\ribbon\ribbon-transport\2.3.0\ribbon-transport-2.3.0.jar;D:\StudySoftware\Java\MAVEN\Maven_Jar\io\reactivex\rxnetty-contexts\0.4.9\rxnetty-contexts-0.4.9.jar;D:\StudySoftware\Java\MAVEN\Maven_Jar\io\reactivex\rxnetty-servo\0.4.9\rxnetty-servo-0.4.9.jar;D:\StudySoftware\Java\MAVEN\Maven_Jar\com\netflix\hystrix\hystrix-core\1.5.18\hystrix-core-1.5.18.jar;D:\StudySoftware\Java\MAVEN\Maven_Jar\io\reactivex\rxnetty\0.4.9\rxnetty-0.4.9.jar;D:\StudySoftware\Java\MAVEN\Maven_Jar\com\netflix\ribbon\ribbon-core\2.3.0\ribbon-core-2.3.0.jar;D:\StudySoftware\Java\MAVEN\Maven_Jar\com\netflix\ribbon\ribbon-httpclient\2.3.0\ribbon-httpclient-2.3.0.jar;D:\StudySoftware\Java\MAVEN\Maven_Jar\commons-collections\commons-collections\3.2.2\commons-collections-3.2.2.jar;D:\StudySoftware\Java\MAVEN\Maven_Jar\com\netflix\netflix-commons\netflix-commons-util\0.3.0\netflix-commons-util-0.3.0.jar;D:\StudySoftware\Java\MAVEN\Maven_Jar\com\netflix\ribbon\ribbon-loadbalancer\2.3.0\ribbon-loadbalancer-2.3.0.jar;D:\StudySoftware\Java\MAVEN\Maven_Jar\com\netflix\netflix-commons\netflix-statistics\0.1.1\netflix-statistics-0.1.1.jar;D:\StudySoftware\Java\MAVEN\Maven_Jar\io\reactivex\rxjava\1.3.8\rxjava-1.3.8.jar;D:\StudySoftware\Java\MAVEN\Maven_Jar\org\springframework\cloud\spring-cloud-starter-loadbalancer\2.2.2.RELEASE\spring-cloud-starter-loadbalancer-2.2.2.RELEASE.jar;D:\StudySoftware\Java\MAVEN\Maven_Jar\org\springframework\cloud\spring-cloud-loadbalancer\2.2.2.RELEASE\spring-cloud-loadbalancer-2.2.2.RELEASE.jar;D:\StudySoftware\Java\MAVEN\Maven_Jar\io\projectreactor\reactor-core\3.3.4.RELEASE\reactor-core-3.3.4.RELEASE.jar;D:\StudySoftware\Java\MAVEN\Maven_Jar\org\reactivestreams\reactive-streams\1.0.3\reactive-streams-1.0.3.jar;D:\StudySoftware\Java\MAVEN\Maven_Jar\io\projectreactor\addons\reactor-extra\3.3.3.RELEASE\reactor-extra-3.3.3.RELEASE.jar;D:\StudySoftware\Java\MAVEN\Maven_Jar\org\springframework\boot\spring-boot-starter-cache\2.2.6.RELEASE\spring-boot-starter-cache-2.2.6.RELEASE.jar;D:\StudySoftware\Java\MAVEN\Maven_Jar\com\stoyanr\evictor\1.0.0\evictor-1.0.0.jar;D:\StudySoftware\Java\MAVEN\Maven_Jar\com\netflix\ribbon\ribbon-eureka\2.3.0\ribbon-eureka-2.3.0.jar;D:\StudySoftware\Java\MAVEN\Maven_Jar\org\slf4j\slf4j-api\1.7.30\slf4j-api-1.7.30.jar;D:\StudySoftware\Java\MAVEN\Maven_Jar\org\glassfish\jaxb\jaxb-runtime\2.3.2\jaxb-runtime-2.3.2.jar;D:\StudySoftware\Java\MAVEN\Maven_Jar\jakarta\xml\bind\jakarta.xml.bind-api\2.3.3\jakarta.xml.bind-api-2.3.3.jar;D:\StudySoftware\Java\MAVEN\Maven_Jar\org\glassfish\jaxb\txw2\2.3.2\txw2-2.3.2.jar;D:\StudySoftware\Java\MAVEN\Maven_Jar\com\sun\istack\istack-commons-runtime\3.0.8\istack-commons-runtime-3.0.8.jar;D:\StudySoftware\Java\MAVEN\Maven_Jar\org\jvnet\staxex\stax-ex\1.8.1\stax-ex-1.8.1.jar;D:\StudySoftware\Java\MAVEN\Maven_Jar\com\sun\xml\fastinfoset\FastInfoset\1.2.16\FastInfoset-1.2.16.jar;D:\StudySoftware\Java\MAVEN\Maven_Jar\jakarta\activation\jakarta.activation-api\1.2.2\jakarta.activation-api-1.2.2.jar;"/>
    <property name="sun.cpu.endian" value="little"/>
    <property name="user.home" value="C:\Users\15566"/>
    <property name="user.language" value="zh"/>
    <property name="java.specification.vendor" value="Oracle Corporation"/>
    <property name="java.home" value="D:\StudySoftware\Java\jdk\jre"/>
    <property name="basedir" value="D:\Study\javacode\springcloud_eureka_client_ribbon"/>
    <property name="file.separator" value="\"/>
    <property name="line.separator" value="&#10;"/>
    <property name="java.vm.specification.vendor" value="Oracle Corporation"/>
    <property name="java.specification.name" value="Java Platform API Specification"/>
    <property name="java.awt.graphicsenv" value="sun.awt.Win32GraphicsEnvironment"/>
    <property name="surefire.real.class.path" value="C:\Users\15566\AppData\Local\Temp\surefire4622426209537471687\surefirebooter4544408612839342512.jar"/>
    <property name="sun.boot.class.path" value="D:\StudySoftware\Java\jdk\jre\lib\resources.jar;D:\StudySoftware\Java\jdk\jre\lib\rt.jar;D:\StudySoftware\Java\jdk\jre\lib\sunrsasign.jar;D:\StudySoftware\Java\jdk\jre\lib\jsse.jar;D:\StudySoftware\Java\jdk\jre\lib\jce.jar;D:\StudySoftware\Java\jdk\jre\lib\charsets.jar;D:\StudySoftware\Java\jdk\jre\lib\jfr.jar;D:\StudySoftware\Java\jdk\jre\classes"/>
    <property name="user.script" value=""/>
    <property name="sun.management.compiler" value="HotSpot 64-Bit Tiered Compilers"/>
    <property name="java.runtime.version" value="1.8.0_144-b01"/>
    <property name="user.name" value="15566"/>
    <property name="path.separator" value=";"/>
    <property name="os.version" value="10.0"/>
    <property name="java.endorsed.dirs" value="D:\StudySoftware\Java\jdk\jre\lib\endorsed"/>
    <property name="java.runtime.name" value="Java(TM) SE Runtime Environment"/>
    <property name="file.encoding" value="GBK"/>
    <property name="java.vm.name" value="Java HotSpot(TM) 64-Bit Server VM"/>
    <property name="localRepository" value="D:\StudySoftware\Java\MAVEN\Maven_Jar"/>
    <property name="java.vendor.url.bug" value="http://bugreport.sun.com/bugreport/"/>
    <property name="java.io.tmpdir" value="C:\Users\15566\AppData\Local\Temp\"/>
    <property name="java.version" value="1.8.0_144"/>
    <property name="user.dir" value="D:\Study\javacode\springcloud_eureka_client_ribbon"/>
    <property name="os.arch" value="amd64"/>
    <property name="java.vm.specification.name" value="Java Virtual Machine Specification"/>
    <property name="java.awt.printerjob" value="sun.awt.windows.WPrinterJob"/>
    <property name="sun.os.patch.level" value=""/>
    <property name="java.library.path" value="D:\StudySoftware\Java\jdk\jre\bin;C:\Windows\Sun\Java\bin;C:\Windows\system32;C:\Windows;C:/Program Files/Java/jre1.8.0_144/bin/server;C:/Program Files/Java/jre1.8.0_144/bin;C:/Program Files/Java/jre1.8.0_144/lib/amd64;D:\StudySoftware\Anaconda3;D:\StudySoftware\Anaconda3\Library\mingw-w64\bin;D:\StudySoftware\Anaconda3\Library\usr\bin;D:\StudySoftware\Anaconda3\Library\bin;D:\StudySoftware\Anaconda3\Scripts;C:\ProgramData\Oracle\Java\javapath;C:\Windows\system32;C:\Windows;C:\Windows\System32\Wbem;C:\Windows\System32\WindowsPowerShell\v1.0\;C:\Windows\System32\OpenSSH\;C:\Program Files (x86)\NVIDIA Corporation\PhysX\Common;C:\Program Files\NVIDIA Corporation\NVIDIA NvDLISR;C:\Program Files\dotnet\;C:\Program Files\Microsoft SQL Server\130\Tools\Binn\;D:\StudySoftware\Java\jdk\bin;D:\StudySoftware\Git\cmd;D:\StudySoftware\Java\MAVEN\apache-maven-3.6.3\bin;D:\StudySoftware\Python\Scripts\;D:\StudySoftware\Python\;C:\Users\15566\AppData\Local\Microsoft\WindowsApps;;D:\StudySoftware\eclipse;;."/>
    <property name="java.vm.info" value="mixed mode"/>
    <property name="java.vendor" value="Oracle Corporation"/>
    <property name="java.vm.version" value="25.144-b01"/>
    <property name="java.ext.dirs" value="D:\StudySoftware\Java\jdk\jre\lib\ext;C:\Windows\Sun\Java\lib\ext"/>
    <property name="sun.io.unicode.encoding" value="UnicodeLittle"/>
    <property name="java.class.version" value="52.0"/>
  </properties>
</testsuite>